<?xml version="1.0" encoding="UTF-8"?>
<coverage generated="1591696281982" clover="3.2.0">
  <project timestamp="1591696281982" name="All files">
    <metrics statements="15" coveredstatements="15" conditionals="8" coveredconditionals="8" methods="5" coveredmethods="5" elements="28" coveredelements="28" complexity="0" loc="15" ncloc="15" packages="1" files="2" classes="2"/>
    <file name="dabaojian.js" path="/Users/qintao.yao/tman/TestDemo2/jestTest/dabaojian.js">
      <metrics statements="3" coveredstatements="3" conditionals="4" coveredconditionals="4" methods="2" coveredmethods="2"/>
      <line num="2" count="2" type="cond" truecount="2" falsecount="0"/>
      <line num="6" count="2" type="cond" truecount="2" falsecount="0"/>
      <line num="8" count="1" type="stmt"/>
    </file>
    <file name="demo.js" path="/Users/qintao.yao/tman/TestDemo2/jestTest/demo.js">
      <metrics statements="12" coveredstatements="12" conditionals="4" coveredconditionals="4" methods="3" coveredmethods="3"/>
      <line num="5" count="1" type="stmt"/>
      <line num="8" count="1" type="stmt"/>
      <line num="9" count="2" type="cond" truecount="2" falsecount="0"/>
      <line num="10" count="1" type="stmt"/>
      <line num="12" count="1" type="stmt"/>
      <line num="16" count="1" type="stmt"/>
      <line num="17" count="2" type="cond" truecount="2" falsecount="0"/>
      <line num="18" count="1" type="stmt"/>
      <line num="20" count="1" type="stmt"/>
      <line num="24" count="1" type="stmt"/>
      <line num="25" count="2" type="stmt"/>
      <line num="30" count="1" type="stmt"/>
    </file>
  </project>
</coverage>
