TN:
SF:/Users/qintao.yao/tman/TestDemo2/jestTest/dabaojian.js
FN:1,baojian1
FN:5,baojian2
FNF:2
FNH:2
FNDA:2,baojian1
FNDA:2,baojian2
DA:2,2
DA:6,2
DA:8,1
LF:3
LH:3
BRDA:2,0,0,1
BRDA:2,0,1,1
BRDA:6,1,0,1
BRDA:6,1,1,1
BRF:4
BRH:4
end_of_record
TN:
SF:/Users/qintao.yao/tman/TestDemo2/jestTest/demo.js
FN:8,(anonymous_0)
FN:16,(anonymous_1)
FN:24,(anonymous_2)
FNF:3
FNH:3
FNDA:2,(anonymous_0)
FNDA:2,(anonymous_1)
FNDA:2,(anonymous_2)
DA:5,1
DA:8,1
DA:9,2
DA:10,1
DA:12,1
DA:16,1
DA:17,2
DA:18,1
DA:20,1
DA:24,1
DA:25,2
DA:30,1
LF:12
LH:12
BRDA:9,0,0,1
BRDA:9,0,1,1
BRDA:17,1,0,1
BRDA:17,1,1,1
BRF:4
BRH:4
end_of_record
